         w __deregister_frame_info
         w __register_frame_info
         w userAppExit
         w userAppInit
00000000 00000802 B __ctru_dev_utf16_buf
00000000 A __sync_synchronize
00000000 b _TLS_MODULE_BASE_
00000000 a shift
00000000 a shift
00000804 00000401 B __ctru_dev_path_buf
00100000 A __start__
00100000 T _start
00100008 T __service_ptr
0010000c T __apt_appid
00100010 T __heap_size
00100014 T __linear_heap_size
00100018 T __system_arglist
0010001c T __system_runflags
00100020 t startup
00100058 t ClearMem
0010006c t ClrLoop
00100094 T _init
001000ac T __aeabi_uidiv
001000ac 000001ec T __udivsi3
001000ac t .udivsi3_skip_div0_test
00100298 00000020 T __aeabi_uidivmod
001002b8 T __aeabi_idiv
001002b8 00000220 T __divsi3
001002c0 t .divsi3_skip_div0_test
001004d8 00000020 T __aeabi_idivmod
001004f8 00000004 W __aeabi_idiv0
001004f8 00000004 W __aeabi_ldiv0
001004fc T __aeabi_uldivmod
00100548 00000390 T strcmp
001008d0 t __do_global_dtors_aux
00100920 t frame_dummy
0010094c 0000026c T load_wav
00100bb8 00000130 T play_sample
00100ce8 0000007c T assignSoundToPad
00100d64 00000130 T loadDirectory
00100e94 00000700 T main
00101594 00000044 t C2Di_FrameEndHook
001015d8 0000036c T C2D_Init
00101944 0000004c T C2D_Fini
00101990 000000b8 T C2D_Prepare
00101a48 00000048 T C2D_Flush
00101a90 00000104 T C2D_SceneSize
00101b94 00000058 T C2D_CreateScreenTarget
00101bec 00000064 T C2D_TargetClear
00101c50 00000058 T C2Di_AppendQuad
00101ca8 00000550 T C2Di_Update
001021f8 00000158 T C2D_DrawRectangle
00102350 00000028 T AttrInfo_Init
00102378 00000094 T AttrInfo_AddLoader
0010240c 00000054 T C3D_SetAttrInfo
00102460 00000080 T C3Di_AttrInfoBind
001024e0 00000004 W C3Di_LightEnvUpdate
001024e4 00000004 W C3Di_LightEnvDirty
001024e8 000000b4 t C3Di_AptEventHook
0010259c 00000004 W C3Di_GasUpdate
001025a0 000001d0 T C3D_Init
00102770 00000098 T C3D_SetViewport
00102808 000004e8 T C3Di_UpdateContext
00102cf0 000000e0 T C3Di_SplitFrame
00102dd0 00000044 T C3D_Fini
00102e14 00000194 T C3D_BindProgram
00102fa8 00000024 T BufInfo_Init
00102fcc 00000080 T BufInfo_Add
0010304c 0000003c T C3D_SetBufInfo
00103088 00000048 T C3Di_BufInfoBind
001030d0 0000021c T C3D_DrawElements
001032ec 00000040 T C3D_DepthMap
0010332c 0000001c T C3D_CullFace
00103348 00000040 T C3D_StencilTest
00103388 00000024 T C3D_StencilOp
001033ac 0000001c T C3D_BlendingColor
001033c8 00000024 T C3D_EarlyDepthTest
001033ec 0000002c T C3D_DepthTest
00103418 0000002c T C3D_AlphaTest
00103444 00000050 T C3D_AlphaBlend
00103494 00000030 T C3D_FragOpMode
001034c4 00000044 T C3D_FragOpShadow
00103508 000001ac T C3Di_EffectBind
001036b4 0000001c T C3D_CalcColorBufSize
001036d0 0000001c T C3D_CalcDepthBufSize
001036ec 00000044 T C3D_SetFrameBuf
00103730 0000016c T C3Di_FrameBufBind
0010389c 000000c8 T C3D_FrameBufClear
00103964 00000044 T C3D_FrameBufTransfer
001039a8 000000a8 T C3D_ImmSendAttrib
00103a50 00000070 T C3D_ProcTexInit
00103ac0 00000054 T C3D_ProcTexBind
00103b14 0000005c T C3D_ProcTexLutBind
00103b70 000000a4 T ProcTexLut_FromArray
00103c14 00000178 T C3Di_ProcTexUpdate
00103d8c 00000068 T C3Di_ProcTexDirty
00103df4 0000004c t onVBlank0
00103e40 0000004c t onVBlank1
00103e8c 00000080 t C3Di_RenderTargetDestroy
00103f0c 000000f4 t onQueueFinish
00104000 00000038 T C3Di_RenderQueueEnableVBlank
00104038 00000030 T C3Di_RenderQueueDisableVBlank
00104068 00000060 T C3Di_RenderQueueInit
001040c8 000000b4 T C3Di_RenderQueueExit
0010417c 00000034 T C3Di_RenderQueueWaitDone
001041b0 000000e8 T C3D_FrameBegin
00104298 00000048 T C3D_FrameDrawOn
001042e0 00000058 T C3D_FrameSplit
00104338 000001d0 T C3D_FrameEnd
00104508 0000001c T C3D_FrameEndHook
00104524 00000170 T C3D_RenderTargetCreate
00104694 000000a8 T C3D_RenderTargetSetOutput
0010473c 00000034 T C3D_GetTexEnv
00104770 00000024 T C3Di_TexEnvBind
00104794 00000044 T C3D_TexBind
001047d8 0000014c T C3Di_SetTex
00104924 00000290 T C3D_UpdateUniforms
00104bb4 000000c0 T C3Di_DirtyUniforms
00104c74 000000d8 T C3Di_LoadShaderUniforms
00104d4c 00000028 T C3Di_ClearShaderUniforms
00104d74 000000cc T Mtx_Ortho
00104e40 000000cc T Mtx_OrthoTilt
00104f0c 00000024 t addrMapNodeComparator(rbtree_node const*, rbtree_node const*)
00104f30 00000004 t addrMapNodeDestructor(rbtree_node*)
00104f34 0000012c T linearMemAlign
00105060 00000008 T linearAlloc
00105068 0000005c T linearFree
001050c4 00000088 T MemPool::CoalesceRight(MemBlock*)
0010514c 00000178 T MemPool::Allocate(MemChunk&, unsigned long, int)
001052c4 00000118 T MemPool::Deallocate(MemChunk const&)
001053dc 00000030 T MemPool::GetFreeSpace()
0010540c 00000024 t addrMapNodeComparator(rbtree_node const*, rbtree_node const*)
00105430 00000004 t addrMapNodeDestructor(rbtree_node*)
00105434 00000248 T vramMemAlignAt
0010567c 0000000c T vramAlloc
00105688 0000000c T vramAllocAt
00105694 00000094 T vramFree
00105728 000001c8 T consoleDrawChar
001058f0 00000170 T consolePrintChar
00105a60 00000c40 T con_write
001066a0 00000110 t newRow
001067b0 00000180 T consoleInit
00106930 000000b8 T consoleClear
001069e8 000000cc t gfxPresentFramebuffer
00106ab4 0000001c T gfxIsWide
00106ad0 000000f8 T gfxSetScreenFormat
00106bc8 00000010 T gfxSetDoubleBuffering
00106bd8 000000d8 T gfxInit
00106cb0 00000010 T gfxInitDefault
00106cc0 000000b8 T gfxExit
00106d78 000000a0 T gfxGetFramebuffer
00106e18 00000100 T gfxFlushBuffers
00106f18 00000028 T gfxScreenSwapBuffers
00106f40 00000050 T gfxSwapBuffersGpu
00106f90 00000074 T osConvertVirtToPhys
00107004 00000034 T __ctru_speedup_config
00107038 0000013c T GPUCMD_Add
00107174 000000b0 T GPUCMD_Split
00107224 00000034 T f32tof16
00107258 00000034 T f32tof24
0010728c 00000038 T f32tof31
001072c4 00000010 T GX_BindQueue
001072d4 0000007c T GX_ProcessCommandList
00107350 00000074 T GX_MemoryFill
001073c4 00000074 T GX_DisplayTransfer
00107438 00000064 t gxCmdQueueDoCommands.part.0
0010749c 000000e4 T gxCmdQueueInterrupt
00107580 00000068 T gxCmdQueueClear
001075e8 00000108 T gxCmdQueueAdd
001076f0 00000080 T gxCmdQueueRun
00107770 00000064 T gxCmdQueueStop
001077d4 0000008c T gxCmdQueueWait
00107860 000001e0 T shaderInstanceInit
00107a40 00000018 T shaderInstanceGetUniformLocation
00107a58 0000001c T shaderProgramInit
00107a74 00000074 T shaderProgramFree
00107ae8 00000094 T shaderProgramSetVsh
00107b7c 000008d0 T shaderProgramConfigure
0010844c 000001dc t DVLE_GenerateOutmap.part.0
00108628 000001ac T DVLB_ParseFile
001087d4 00000050 T DVLB_Free
00108824 00000074 T DVLE_GetUniformRegister
00108898 00000158 t ndspUpdateMaster
001089f0 00000108 t ndspFinalize
00108af8 00000254 t ndspInitialize.part.0
00108d4c 00000108 t ndspHookCallback
00108e58 00000318 t ndspThreadMain
00109170 000003f0 T ndspInit
00109560 000000d8 T ndspExit
00109638 000000e0 T ndspChnReset
00109718 00000018 T ndspChnIsPlaying
00109730 00000018 T ndspChnSetFormat
00109748 00000050 T ndspChnSetInterp
00109798 00000060 T ndspChnSetRate
001097f8 00000080 T ndspChnSetMix
00109878 000000b0 T ndspChnWaveBufClear
00109928 000000c8 T ndspChnWaveBufAdd
001099f0 00000040 T ndspiInitChn
00109a30 0000002c T ndspiDirtyChn
00109a5c 0000043c T ndspiUpdateChn
00109e98 00000180 T ndspiReadChnState
0010a018 00000180 t aptConvertScreenForCapture
0010a198 00000138 T aptSendCommand
0010a2d0 00000044 t aptExitProcess
0010a314 00000394 T aptExit
0010a6a8 000000d8 T aptHandleSleep
0010a780 00000034 T aptHook
0010a7b4 00000030 T aptUnhook
0010a7e4 00000084 T APT_SleepIfShellClosed
0010a868 00000078 T aptSetSleepAllowed
0010a8e0 00000084 T APT_UnlockTransition
0010a968 00000470 t aptEventHandler
0010add8 000000bc T APT_ReceiveParameter
0010ae94 000000b0 t aptReceiveParameter.constprop.0
0010af48 00000294 t aptScreenTransfer
0010b1dc 000002d0 t aptWaitForWakeUp.isra.0
0010b4ac 000000f4 T aptJumpToHomeMenu
0010b5a0 00000058 T aptMainLoop
0010b5f8 00000240 T aptInit
0010b838 00000090 T APT_CheckNew3DS
0010b8c8 000000a8 T cfguInit
0010b970 0000003c T cfguExit
0010b9ac 0000004c T CFGU_GetConfigInfoBlk2
0010b9f8 000000a4 t DSP_LoadComponent.part.0
0010ba9c 000000fc T dspInit
0010bb98 0000008c T dspExit
0010bc24 00000024 T dspHook
0010bc48 00000030 T dspUnhook
0010bc78 000000b4 T aptDspSleep
0010bd2c 000000b4 T aptDspWakeup
0010bde0 00000044 T aptDspCancel
0010be24 00000050 T DSP_FlushDataCache
0010be74 00000034 T DSP_SetSemaphore
0010bea8 00000034 T DSP_SetSemaphoreMask
0010bedc 00000038 T DSP_GetSemaphoreHandle
0010bf14 0000003c T DSP_LoadComponent
0010bf50 00000044 T DSP_RegisterInterruptEvents
0010bf94 00000078 T DSP_ReadPipeIfPossible
0010c00c 0000004c T DSP_WriteProcessPipe
0010c058 00000044 T DSP_ConvertProcessAddressFromDspDram
0010c09c 00000044 T DSP_RecvData
0010c0e0 00000050 T DSP_RecvDataIsReady
0010c130 00000104 T fsInit
0010c234 0000003c T fsExit
0010c270 00000068 T fsExemptFromSession
0010c2d8 00000050 T fsUnexemptFromSession
0010c328 000000cc T FSUSER_OpenFile
0010c3f4 000000cc T FSUSER_OpenFileDirectly
0010c4c0 000000b8 T FSUSER_DeleteFile
0010c578 000000f4 T FSUSER_RenameFile
0010c66c 000000b8 T FSUSER_DeleteDirectory
0010c724 000000d0 T FSUSER_CreateFile
0010c7f4 000000c0 T FSUSER_CreateDirectory
0010c8b4 000000f4 T FSUSER_RenameDirectory
0010c9a8 000000b4 T FSUSER_OpenDirectory
0010ca5c 00000090 T FSUSER_OpenArchive
0010caec 0000008c T FSUSER_CloseArchive
0010cb78 00000074 T FSUSER_GetSdmcArchiveResource
0010cbec 00000064 T FSUSER_IsSdmcWritable
0010cc50 00000064 T FSFILE_Read
0010ccb4 0000006c T FSFILE_Write
0010cd20 00000044 T FSFILE_GetSize
0010cd64 00000028 T FSFILE_SetSize
0010cd8c 0000003c T FSFILE_Close
0010cdc8 00000024 T FSFILE_Flush
0010cdec 00000060 T FSDIR_Read
0010ce4c 0000003c T FSDIR_Close
0010ce88 00000c70 t gspHardwareInit
0010daf8 00000280 T gspInit
0010dd78 00000110 T gspExit
0010de88 00000010 T gspHasGpuRight
0010de98 000000a4 T gspPresentBuffer
0010df3c 00000030 T gspSetEventCallback
0010df6c 00000050 T gspWaitForEvent
0010dfbc 0000004c T gspWaitForAnyEvent
0010e008 00000154 t gspEventThreadMain
0010e15c 0000012c T gspSubmitGxCommand
0010e288 00000050 T GSPGPU_FlushDataCache
0010e2d8 00000034 T GSPGPU_SetLcdForceBlack
0010e30c 00000080 T GSPGPU_AcquireRight
0010e38c 0000005c T GSPGPU_ReleaseRight
0010e3e8 0000007c T GSPGPU_ImportDisplayCaptureInfo
0010e464 0000002c T GSPGPU_SaveVramSysArea
0010e490 0000002c T GSPGPU_RestoreVramSysArea
0010e4bc 00000024 W hidShouldUseIrrst
0010e4e0 000001cc T hidInit
0010e6ac 000000e8 T hidExit
0010e794 000002a0 T hidScanInput
0010ea34 00000010 T hidKeysHeld
0010ea44 00000010 T hidKeysDown
0010ea54 00000010 T hidKeysUp
0010ea64 00000018 T hidTouchRead
0010ea7c 000001a4 T irrstInit
0010ec20 000000dc T irrstExit
0010ecfc 000000b4 T irrstScanInput
0010edb0 00000024 T irrstKeysHeld
0010edd4 00000078 T ptmSysmInit
0010ee4c 0000003c T ptmSysmExit
0010ee88 00000034 T PTMSYSM_ConfigureNew3DSCPU
0010eebc 00000074 T rbtree_find
0010ef30 00000010 T rbtree_init
0010ef40 00000198 t do_insert
0010f0d8 00000008 T rbtree_insert
0010f0e0 00000310 T rbtree_remove
0010f3f0 00000090 T rbtree_rotate
0010f480 000001e8 W __system_allocateHeaps
0010f668 00000038 W __libctru_init
0010f6a0 0000016c W __system_initArgv
0010f80c 00000030 T __syscall_getreent
0010f83c 00000004 T __syscall_lock_acquire
0010f840 00000004 T __syscall_lock_release
0010f844 00000004 T __syscall_lock_acquire_recursive
0010f848 00000004 T __syscall_lock_release_recursive
0010f84c 00000004 T __syscall_exit
0010f850 00000054 T initThreadVars
0010f8a4 00000080 T __system_initSyscalls
0010f924 T svcControlMemory
0010f944 T svcQueryMemory
0010f974 T svcExitProcess
0010f97c T svcCreateThread
0010f99c T svcExitThread
0010f9a4 T svcSleepThread
0010f9ac T svcReleaseMutex
0010f9b4 T svcCreateEvent
0010f9c8 T svcSignalEvent
0010f9d0 T svcClearEvent
0010f9d8 T svcMapMemoryBlock
0010f9e0 T svcUnmapMemoryBlock
0010f9e8 T svcCreateAddressArbiter
0010f9fc T svcArbitrateAddressNoTimeout
0010fa04 T svcCloseHandle
0010fa0c T svcWaitSynchronization
0010fa14 T svcWaitSynchronizationN
0010fa3c T svcDuplicateHandle
0010fa50 T svcGetSystemTick
0010fa58 T svcConnectToPort
0010fa6c T svcSendSyncRequest
0010fa74 T svcGetResourceLimit
0010fa88 T svcGetResourceLimitLimitValues
0010fa90 T svcGetResourceLimitCurrentValues
0010fa98 T svcBreak
0010faa0 W initSystem
0010faf0 W __ctru_exit
0010fb04 0000008c W envGetHandle
0010fb90 00000050 W envDestroyHandles
0010fbe0 00000164 T srvInit
0010fd44 00000064 T srvExit
0010fda8 00000060 T srvEnableNotification
0010fe08 000000a0 T srvGetServiceHandleDirect
0010fea8 00000048 T srvGetServiceHandle
0010fef0 00000034 T srvSubscribe
0010ff24 00000060 T srvReceiveNotification
0010ff84 00000038 T srvPublishToSubscriber
0010ffbc 0000000c T __sync_init
0010ffc8 00000018 T __sync_fini
0010ffe0 00000028 T syncArbitrateAddress
00110008 0000001c T LightLock_Init
00110024 000000ac T LightLock_Lock
001100d0 00000040 T LightLock_Unlock
00110110 00000054 T RecursiveLock_Lock
00110164 00000054 T RecursiveLock_Unlock
001101b8 00000044 T LightEvent_Init
001101fc 000000b8 T LightEvent_Clear
001102b4 000000dc T LightEvent_Signal
00110390 00000050 T LightEvent_TryWait
001103e0 000000ac T LightEvent_Wait
0011048c 000001fc T threadCreate
00110688 00000038 T threadFree
001106c0 00000024 T threadJoin
001106e4 00000030 T threadGetCurrent
00110714 00000040 T threadExit
00110754 00000020 t _thread_begin
00110774 00000090 t mappableFindAddressWithin
00110804 00000028 T mappableInit
0011082c 0000007c T mappableAlloc
001108a8 00000004 T mappableFree
001108ac 0000000c T srvPmGetSessionHandle
001108b8 00000060 T rbtree_node_next
00110918 00000030 W __appExit
00110948 00000030 W __appInit
00110978 00000090 W __libctru_exit
00110a08 00000014 t archive_link
00110a1c 00000014 t archive_dirreset
00110a30 00000014 t archive_chmod
00110a44 00000024 t error_cmp
00110a68 00000050 t archive_translate_error
00110ab8 000000c0 t archive_seek
00110b78 00000078 t _archiveInit.part.0
00110bf0 000000d4 t archiveFindDevice.part.0
00110cc4 00000298 t archive_utf16path
00110f5c 00000098 t _archiveUnmountDeviceStruct.part.0
00110ff4 00000014 t archive_statvfs
00111008 00000014 t archive_fchmod
0011101c 00000178 t _archiveMountDevice
00111194 000000f8 t archive_diropen
0011128c 000000ac t archive_fstat
00111338 00000074 t archive_fsync
001113ac 00000074 t archive_close
00111420 00000078 t archive_dirclose
00111498 000000ec t sdmc_statvfs
00111584 000000f8 t archive_chdir
0011167c 0000008c t archive_ftruncate
00111708 000000bc t archive_read
001117c4 000000a8 t archive_unlink
0011186c 000000c0 t archive_rmdir
0011192c 000000d8 t archive_mkdir
00111a04 000001a0 t archive_stat
00111ba4 00000164 t archive_dirnext
00111d08 0000013c t archive_write
00111e48 00000254 t archive_open
0011209c 00000270 t archive_rename
0011230c 000001c8 T archiveMountSdmc
001124d4 00000054 T archiveUnmountAll
00112528 00000140 T decode_utf8
00112668 000000e8 T utf16_to_utf8
00112750 000000c0 T utf8_to_utf16
00112810 T __aeabi_read_tp
0011281c 00000054 T decode_utf16
00112870 00000054 T encode_utf16
001128c4 000000e0 T encode_utf8
001129a4 00000130 T __udivmoddi4
00112ad4 000000d8 T strncmp
00112bac 00000144 T _fclose_r
00112cf0 00000020 T fclose
00112d10 00000028 T stat
00112d38 0000008c T strlen
00112dc4 0000001c t stdio_exit_handler
00112de0 0000005c t cleanup_stdio
00112e3c 00000154 t global_stdio_init.part.0
00112f90 00000138 T __sfp
001130c8 0000005c T __sinit
00113124 0000000c T __sfp_lock_acquire
00113130 0000000c T __sfp_lock_release
0011313c 000001ec t _strtoul_l.isra.0
00113328 0000003c T strtoul
00113364 00000084 T __libc_init_array
001133e8 0000009c T strncat
00113484 00000070 T _fwalk_sglue
001134f4 00000078 T bsearch
0011356c 0000000c T __errno
00113578 00000028 T calloc
001135a0 00000048 T strrchr
001135e8 000000e0 T _puts_r
001136c8 00000020 T puts
001136e8 000000d8 T _calloc_r
001137c0 0000001c T _fseek_r
001137dc 00000034 T fseek
00113810 00000028 T memalign
00113838 0000082c T _malloc_r
00114064 000000f0 T strcpy
00114154 00000114 T _malloc_trim_r
00114268 00000314 T _free_r
0011457c 000000a0 T snprintf
0011461c 000005e0 t get_arg
00114c00 0000345c T _svfprintf_r
0011805c 00000034 T printf
00118090 0000003c T strnlen
001180cc 00000040 T malloc
0011810c 00000020 T free
0011812c 0000022c T __sflush_r
00118358 000000c4 T _fflush_r
0011841c 000000e4 T memset
00118500 00000334 T _fread_r
00118834 00000038 T fread
0011886c 0000000c T __malloc_lock
00118878 0000000c T __malloc_unlock
00118884 00000004 W __call_exitprocs
00118888 00000030 T exit
001188b8 00000294 T setvbuf
00118b4c 00000134 T _fopen_r
00118c80 00000028 T fopen
00118ca8 000000d4 T strncpy
00118d7c 0000012c T memcpy
00118ea8 00000028 T _wcsrtombs_r
00118ed0 00000088 T frexp
00118f58 000004a4 T __sfvwrite_r
001193fc 00000140 T strchr
0011953c 00000044 T __sread
00119580 00000068 T __swrite
001195e8 00000040 T __sseek
00119628 00000008 T __sclose
00119630 0000016c T memmove
0011979c 00000024 T __locale_mb_cur_max
001197c0 000000a4 T __ssprint_r
00119864 0000016c T _memalign_r
001199d0 0000015c T _wcsnrtombs_l
00119b2c 00000064 T _wcsnrtombs_r
00119b90 00000340 T __utf8_mbtowc
00119ed0 00000588 T _fseeko_r
0011a458 00000024 T _localeconv_r
0011a47c 000005e0 t get_arg
0011aa60 00003554 T _vfprintf_r
0011dfb4 000000b4 t __sbprintf
0011e068 000000e8 T memchr
0011e150 000001c0 t quorem
0011e310 000013f0 T _dtoa_r
0011f700 000000a0 T _wcrtomb_r
0011f7a0 000000b8 T __sflags
0011f858 0000003c T __libc_fini_array
0011f894 00000038 t lflush
0011f8cc 000001a8 T __srefill_r
0011fa74 00000164 T __smakebuf_r
0011fbd8 00000090 T __swhatbuf_r
0011fc68 000004f0 T _realloc_r
00120158 0000012c T __ssputs_r
00120284 000000f8 T __utf8_wctomb
0012037c 00000140 T __swsetup_r
001204bc 0000005c T __assert_func
00120518 00000088 T _Balloc
001205a0 0000001c T _Bfree
001205bc 000000f4 T __multadd
001206b0 00000080 T __hi0bits
00120730 000000f0 T __lo0bits
00120820 000000a4 T __i2b
001208c4 00000230 T __multiply
00120af4 00000130 T __pow5mult
00120c24 00000138 T __lshift
00120d5c 00000058 T __mcmp
00120db4 00000218 T __mdiff
00120fcc 00000120 T __d2b
001210ec 0000003c T fiprintf
00121128 00000030 T __sprint_r
00121158 00000014 T abort
0012116c 0000009c T _raise_r
00121208 00000020 T raise
00121228 000005e0 t get_arg
00121808 000022f8 T _vfiprintf_r
00123b00 000000b4 t __sbprintf
00123bb4 00000020 T _exit
00123bd4 00000140 T chdir
00123d14 000001c8 T _concatenate_path
00123edc 00000070 t __dirnext
00123f4c 00000114 T opendir
00124060 00000098 T closedir
001240f8 000000f8 T readdir_r
001241f0 00000048 T readdir
00124238 0000009c T _fstat_r
001242d4 00000014 T _getpid_r
001242e8 0000002c T __getreent
00124314 000000a0 T __release_handle
001243b4 000000b0 T __alloc_handle
00124464 00000058 T __get_handle
001244bc 00000110 T _close_r
001245cc 00000008 t null_write
001245d4 00000018 T setDefaultDevice
001245ec 000000c4 T FindDevice
001246b0 00000028 T RemoveDevice
001246d8 00000098 T AddDevice
00124770 00000020 T GetDeviceOpTab
00124790 00000008 T _isatty_r
00124798 00000014 T _kill_r
001247ac 00000094 T _lseek_r
00124840 000000c0 T _open_r
00124900 00000094 T _read_r
00124994 00000078 W _sbrk_r
00124a0c 00000080 T _stat_r
00124a8c 0000001c T __libc_lock_acquire
00124aa8 0000001c T __libc_lock_release
00124ac4 0000001c T __libc_lock_acquire_recursive
00124ae0 0000001c T __libc_lock_release_recursive
00124afc 00000094 T _write_r
00124b90 T _fini
001253b8 r .LC2
00125498 R render2d_shbin
00125624 R render2d_shbin_end
00125624 R render2d_shbin_size
00125628 00000004 r depthFmtSizes
0012562c 00000005 r colorFmtSizes
00125634 00000010 r CSWTCH.11
001257b0 00000080 r dotab_stdout
00125830 00000018 r grayScale
00125848 00000006 r colorCube
00125850 00000030 r colorTable
0012588c 00000011 r dsp_filename.0
001258bc 00000008 r morton_y.2
001258c4 00000008 r morton_x.3
001258cc 00000008 r s_sleepWakeEvents.4
001258d4 0000000c r serviceNameTable.5
001258e0 R default_font_bin
001260e0 R default_font_bin_end
001260e0 00000030 r error_table
00126110 00000080 r archive_devoptab
001262b8 00000010 r zeroes.0
001262c8 00000010 r blanks.1
001262d8 00000101 R _ctype_
001263dc 0000006c R __action_table
00126448 0000006c R __state_table
001264b4 00000100 R __chclass
001266a0 00000010 r zeroes.0
001266b0 00000010 r blanks.1
001266c8 0000000c r p05.0
001266d8 00000028 R __mprec_bigtens
00126700 000000c8 R __mprec_tens
001268b4 00000010 r zeroes.0
001268c4 00000010 r blanks.1
001268d4 00000080 R dotab_stdnull
00126954 R __tdata_align
00126958 r __EH_FRAME_BEGIN__
00126958 R __exidx_end
00126958 R __exidx_start
00127000 00000008 d framerateCounter
00127008 00000004 d framerate
0012700c 00000001 d firstConsoleInit.0
00127010 00000004 D currentConsole
00127014 00000048 D defaultConsole
0012705c 00000004 d queueLock
00127060 00000004 d aptChainloadDeliverArgSize
00127064 00000004 d kCount
00127068 00000004 d kInterval
0012706c 00000004 d kDelay
00127070 W __stacksize__
00127074 0000000c D __sglue
00127080 00000004 D __malloc_sbrk_base
00127084 00000004 D __malloc_trim_threshold
00127088 00000408 D __malloc_av_
00127490 00000004 D _impure_ptr
00127498 00000140 D _impure_data
001275d8 0000016c D __global_locale
00127744 00000400 d _current_working_directory
00127b48 00001000 d handles
00128b48 0000000c d __stderr_handle
00128b54 0000000c d __stdout_handle
00128b60 0000000c d __stdin_handle
00128b6c 0000008c D devoptab_list
00128bf8 00000004 d defaultDevice
00128c04 d _GLOBAL_OFFSET_TABLE_
00128c10 d __frame_dummy_init_array_entry
00128c10 D __init_array_start
00128c10 B __preinit_array_end
00128c10 B __preinit_array_start
00128c10 D __tdata_lma
00128c10 D __tdata_lma_end
00128c14 d __do_global_dtors_aux_fini_array_entry
00128c14 D __fini_array_start
00128c14 D __init_array_end
00128c18 D __bss_start__
00128c18 D __fini_array_end
00128c18 00000100 B pads
00128d18 00000004 b entryCount
00128d1c 00000004 B bottom
00128d20 00000001 B mode
00128d24 00000004 B selectedPad
00128d28 00000400 b currentPath
00129128 00000004 b fileBrowserSelected
0012912c 00000004 b fileBrowserScroll
00129130 00020800 b entries
00149930 b completed.1
00149934 b object.0
00149950 000005a8 B __C2Di_Context
00149ef8 00000040 b s_projBot
00149f38 00000040 b s_projTop
00149f78 00000004 b uLoc_mdlvMtx
00149f7c 00000004 b uLoc_projMtx
00149f80 0000000c b hookCookie
00149f90 000002d0 B __C3D_Context
0014a260 00000004 b frameEndCbData
0014a264 00000004 b frameEndCb
0014a268 00000008 b frameCounter
0014a270 00000001 b isTopStereo
0014a271 00000001 b needSwapBot
0014a272 00000001 b needSwapTop
0014a273 00000001 b measureGpuTime
0014a274 00000001 b inSafeTransfer
0014a275 00000001 b inFrame
0014a278 00000010 b cpuTime
0014a288 00000010 b gpuTime
0014a298 0000000c b linkedTarget
0014a2a4 00000004 b lastTarget
0014a2a8 00000004 b firstTarget
0014a2ac 00000008 b C3Di_IVUnifEverDirty
0014a2b4 000000c0 b C3Di_FVUnifEverDirty
0014a374 00000018 b C3Di_ShaderFVecData
0014a38c 00000002 B C3D_BoolUnifsDirty
0014a390 00000008 B C3D_IVUnifDirty
0014a398 000000c0 B C3D_FVUnifDirty
0014a458 00000004 B C3D_BoolUnifs
0014a45c 00000020 B C3D_IVUnif
0014a47c 00000c00 B C3D_FVUnif
0014b080 00000008 b sLinearPool
0014b088 0000000c b sAddrMap
0014b098 00000008 b sVramPoolB
0014b0a0 00000008 b sVramPoolA
0014b0a8 0000000c b sAddrMap
0014b0b4 00000064 b escapeSeq
0014b118 00000048 B currentCopy
0014b160 00000004 b screenAlloc
0014b164 00000004 b screenFree
0014b168 00000002 b gfxIsDoubleBuf
0014b16c 00000002 b gfxCurBuf
0014b16e 00000001 b gfxIsVram
0014b16f 00000001 b gfxTopMode
0014b170 00000002 b gfxFramebufferFormats
0014b174 00000004 b gfxBottomFramebufferMaxSize
0014b178 00000004 b gfxTopFramebufferMaxSize
0014b180 00000008 b gfxBottomFramebuffers
0014b188 00000008 b gfxTopFramebuffers
0014b190 00000001 V __ctru_speedup
0014b194 00000004 B gpuCmdBufOffset
0014b198 00000004 B gpuCmdBufSize
0014b19c 00000004 B gpuCmdBuf
0014b1a0 00000004 b boundQueue
0014b1a4 00000001 b shouldStop
0014b1a5 00000001 b isRunning
0014b1a6 00000001 b isActive
0014b1a8 00000004 b curQueue
0014b1ac 00000004 b ndspRefCount
0014b1b0 00000048 b ndspMaster
0014b1f8 00000004 b ndspThread
0014b1fc 00000001 b ndspThreadRun
0014b200 00001080 b dspVar5Backup
0014c280 00000004 b ndspMutex
0014c284 00000008 b sleepEvent
0014c28c 00000004 b dspSem
0014c290 00000004 b irqEvent
0014c294 00000008 b ndspHookCookie
0014c29c 00000001 b componentFree
0014c29e 00000002 b componentDataMask
0014c2a0 00000002 b componentProgMask
0014c2a4 00000004 b componentSize
0014c2a8 00000004 b componentBin
0014c2ac 00000004 b frameCount
0014c2b0 00000004 b droppedFrames
0014c2b4 00000001 b bCancelReceived
0014c2b5 00000001 b bSleeping
0014c2b6 00000001 b bEnteringSleep
0014c2b7 00000001 b bDspReady
0014c2b8 00000080 B ndspVars
0014c338 00000002 B ndspBufferId
0014c33a 00000002 B ndspBufferCurId
0014c33c 00000002 B ndspFrameId
0014c340 00000c60 b ndspChn
0014cfa0 00000001 b flagValue.0
0014cfa1 00000001 b flagInit.1
0014cfa4 00000004 b serviceName.6
0014cfa8 00000001 b aptChainloadFlags
0014cfa9 00000001 b aptChainloadMediatype
0014cfac 00000020 b aptChainloadHmac
0014cfcc 00000300 b aptChainloadDeliverArg
0014d2d0 00000008 b aptChainloadTid
0014d2d8 00001000 b aptParameters
0014e2d8 00000004 b aptFlags
0014e2dc 00000001 b aptHomeButtonState
0014e2e0 00000004 b aptMessageFuncData
0014e2e4 00000004 b aptMessageFunc
0014e2e8 0000000c b aptFirstHook
0014e2f4 00000001 b aptEventHandlerThreadQuit
0014e2f8 00000004 b aptEventHandlerThread
0014e2fc 00000008 b aptSleepEvent
0014e304 00000008 b aptReceiveEvent
0014e30c 00000008 b aptEvents
0014e314 00000004 b aptLockHandle
0014e318 00000004 b aptRefCount
0014e31c 00000004 b cfguRefCount
0014e320 00000004 b cfguHandle
0014e324 00000002 b dspSavedCompDataMask
0014e326 00000002 b dspSavedCompProgMask
0014e328 00000004 b dspSavedCompSize
0014e32c 00000004 b dspSavedCompBin
0014e330 00000001 b dspSleeping
0014e331 00000001 b dspComponentLoaded
0014e334 00000008 b dspFirstHook
0014e33c 00000004 b dspRefCount
0014e340 00000004 b dspHandle
0014e348 00000080 b fsExemptArchives
0014e3c8 00000004 b fsuRefCount
0014e3cc 00000004 b fsuHandle
0014e3d0 00000007 b gspEventCbOneShot
0014e3d8 0000001c b gspEventCbData
0014e3f4 0000001c b gspEventCb
0014e410 00000038 b gspEvents
0014e448 00000004 b gspLastEvent
0014e44c 00000001 b gspRunEvents
0014e450 00000004 b gspEventThread
0014e454 00000004 b gspEvent
0014e458 00000001 b gspGpuRight
0014e459 00000001 b gspThreadId
0014e45c 00000004 b gspSharedMem
0014e460 00000004 b gspSharedMemHandle
0014e464 00000004 b gspRefCount
0014e468 00000004 b gspGpuHandle
0014e46c 00000001 b usingIrrst
0014e470 00000004 b hidRefCount
0014e474 00000006 b gRate
0014e47c 00000006 b aVec
0014e484 00000004 b cPos
0014e488 00000004 b tPos
0014e48c 00000004 b kRepeat
0014e490 00000004 b kUp
0014e494 00000004 b kDown
0014e498 00000004 b kHeld
0014e49c 00000004 b kOld
0014e4a0 00000004 B hidSharedMem
0014e4a4 00000014 B hidEvents
0014e4b8 00000004 B hidMemHandle
0014e4bc 00000004 B hidHandle
0014e4c0 00000004 b irrstRefCount
0014e4c4 00000004 b csPos
0014e4c8 00000004 b kHeld
0014e4cc 00000004 B irrstSharedMem
0014e4d0 00000004 B irrstEvent
0014e4d4 00000004 B irrstMemHandle
0014e4d8 00000004 B irrstHandle
0014e4dc 00000004 b ptmSysmRefCount
0014e4e0 00000004 b ptmSysmHandle
0014e4e4 00000004 V __ctru_linear_heap_size
0014e4e8 00000004 V __ctru_heap_size
0014e4ec 00000004 B __ctru_linear_heap
0014e4f0 00000004 B __ctru_heap
0014e4f4 00000004 B __system_retAddr
0014e4f8 00000004 B __system_argv
0014e4fc 00000004 B __system_argc
0014e500 b saved_stack
0014e508 00000004 B __3dslink_host
0014e50c 00000004 b srvRefCount
0014e510 00000004 b srvHandle
0014e514 00000004 b arbiter
0014e518 00000004 b currentAddr
0014e51c 00000004 b maxAddr
0014e520 00000004 b minAddr
0014e524 00000004 b srvPmHandle
0014e528 000005c0 b archive_devices
0014eae8 00000004 b archive_device_cwd
0014eaec 00000001 b archive_initialized
0014eaf0 0000000c b __sfp_recursive_mutex
0014eb00 00000168 B __sf
0014ec68 00000004 B __stdio_exit_handler
0014ec6c 00000028 B __malloc_current_mallinfo
0014ec94 00000004 B __malloc_max_total_mem
0014ec98 00000004 B __malloc_max_sbrked_mem
0014ec9c 00000004 B __malloc_top_pad
0014eca0 0000000c b __malloc_recursive_mutex
0014ecac 00000400 b temp_cwd
0014f0ac 00000004 b __hndl_lock
0014f0b0 00000004 B fake_heap_start
0014f0b4 00000004 B fake_heap_end
0014f0b8 00000004 b heap_start.0
0014f0bc B __tls_start
0014fcc4 B __bss_end__
0014fcc4 A __end__
0014fcc4 B __tls_end
