         w __deregister_frame_info
         w __register_frame_info
         w userAppExit
         w userAppInit
00000000 00000802 B __ctru_dev_utf16_buf
00000000 A __sync_synchronize
00000000 b _TLS_MODULE_BASE_
00000000 a shift
00000000 a shift
00000804 00000401 B __ctru_dev_path_buf
00100000 A __start__
00100000 T _start
00100008 T __service_ptr
0010000c T __apt_appid
00100010 T __heap_size
00100014 T __linear_heap_size
00100018 T __system_arglist
0010001c T __system_runflags
00100020 t startup
00100058 t ClearMem
0010006c t ClrLoop
00100094 T _init
001000ac T __aeabi_idiv
001000ac 00000220 T __divsi3
001000b4 t .divsi3_skip_div0_test
001002cc 00000020 T __aeabi_idivmod
001002ec 00000004 W __aeabi_idiv0
001002ec 00000004 W __aeabi_ldiv0
001002f0 T __aeabi_uldivmod
00100348 00000390 T strcmp
001006d0 T __aeabi_uidiv
001006d0 000001ec T __udivsi3
001006d0 t .udivsi3_skip_div0_test
001008bc 00000020 T __aeabi_uidivmod
001008dc t __do_global_dtors_aux
0010092c t frame_dummy
00100958 000002d0 T load_wav
00100c28 000000a8 T play_sample
00100cd0 00000490 T main
00101160 00000044 t C2Di_FrameEndHook
001011a8 0000036c T C2D_Init
00101514 0000004c T C2D_Fini
00101560 000000b8 T C2D_Prepare
00101618 00000048 T C2D_Flush
00101660 00000104 T C2D_SceneSize
00101764 00000058 T C2D_CreateScreenTarget
001017bc 00000064 T C2D_TargetClear
00101820 00000058 T C2Di_AppendQuad
00101878 00000550 T C2Di_Update
00101dc8 00000158 T C2D_DrawRectangle
00101f20 00000028 T AttrInfo_Init
00101f48 00000094 T AttrInfo_AddLoader
00101fdc 00000054 T C3D_SetAttrInfo
00102030 00000080 T C3Di_AttrInfoBind
001020b0 00000004 W C3Di_LightEnvUpdate
001020b4 00000004 W C3Di_LightEnvDirty
001020b8 000000b4 t C3Di_AptEventHook
0010216c 00000004 W C3Di_GasUpdate
00102170 000001d0 T C3D_Init
00102340 00000098 T C3D_SetViewport
001023d8 000004e8 T C3Di_UpdateContext
001028c0 000000e0 T C3Di_SplitFrame
001029a0 00000044 T C3D_Fini
001029e4 00000194 T C3D_BindProgram
00102b78 00000024 T BufInfo_Init
00102b9c 00000080 T BufInfo_Add
00102c1c 0000003c T C3D_SetBufInfo
00102c58 00000048 T C3Di_BufInfoBind
00102ca0 0000021c T C3D_DrawElements
00102ebc 00000040 T C3D_DepthMap
00102efc 0000001c T C3D_CullFace
00102f18 00000040 T C3D_StencilTest
00102f58 00000024 T C3D_StencilOp
00102f7c 0000001c T C3D_BlendingColor
00102f98 00000024 T C3D_EarlyDepthTest
00102fbc 0000002c T C3D_DepthTest
00102fe8 0000002c T C3D_AlphaTest
00103014 00000050 T C3D_AlphaBlend
00103064 00000030 T C3D_FragOpMode
00103094 00000044 T C3D_FragOpShadow
001030d8 000001ac T C3Di_EffectBind
00103284 0000001c T C3D_CalcColorBufSize
001032a0 0000001c T C3D_CalcDepthBufSize
001032bc 00000044 T C3D_SetFrameBuf
00103300 0000016c T C3Di_FrameBufBind
0010346c 000000c8 T C3D_FrameBufClear
00103534 00000044 T C3D_FrameBufTransfer
00103578 000000a8 T C3D_ImmSendAttrib
00103620 00000070 T C3D_ProcTexInit
00103690 00000054 T C3D_ProcTexBind
001036e4 0000005c T C3D_ProcTexLutBind
00103740 000000a4 T ProcTexLut_FromArray
001037e4 00000178 T C3Di_ProcTexUpdate
0010395c 00000068 T C3Di_ProcTexDirty
001039c4 0000004c t onVBlank0
00103a10 0000004c t onVBlank1
00103a5c 00000080 t C3Di_RenderTargetDestroy
00103adc 000000f4 t onQueueFinish
00103bd0 00000038 T C3Di_RenderQueueEnableVBlank
00103c08 00000030 T C3Di_RenderQueueDisableVBlank
00103c38 00000060 T C3Di_RenderQueueInit
00103c98 000000b4 T C3Di_RenderQueueExit
00103d4c 00000034 T C3Di_RenderQueueWaitDone
00103d80 000000e8 T C3D_FrameBegin
00103e68 00000048 T C3D_FrameDrawOn
00103eb0 00000058 T C3D_FrameSplit
00103f08 000001d0 T C3D_FrameEnd
001040d8 0000001c T C3D_FrameEndHook
001040f4 00000170 T C3D_RenderTargetCreate
00104264 000000a8 T C3D_RenderTargetSetOutput
0010430c 00000034 T C3D_GetTexEnv
00104340 00000024 T C3Di_TexEnvBind
00104364 00000044 T C3D_TexBind
001043a8 0000014c T C3Di_SetTex
001044f4 00000290 T C3D_UpdateUniforms
00104784 000000c0 T C3Di_DirtyUniforms
00104844 000000d8 T C3Di_LoadShaderUniforms
0010491c 00000028 T C3Di_ClearShaderUniforms
00104944 000000cc T Mtx_Ortho
00104a10 000000cc T Mtx_OrthoTilt
00104adc 00000024 t addrMapNodeComparator(rbtree_node const*, rbtree_node const*)
00104b00 00000004 t addrMapNodeDestructor(rbtree_node*)
00104b04 0000012c T linearMemAlign
00104c30 00000008 T linearAlloc
00104c38 0000005c T linearFree
00104c94 00000088 T MemPool::CoalesceRight(MemBlock*)
00104d1c 00000178 T MemPool::Allocate(MemChunk&, unsigned long, int)
00104e94 00000118 T MemPool::Deallocate(MemChunk const&)
00104fac 00000030 T MemPool::GetFreeSpace()
00104fdc 00000024 t addrMapNodeComparator(rbtree_node const*, rbtree_node const*)
00105000 00000004 t addrMapNodeDestructor(rbtree_node*)
00105004 00000248 T vramMemAlignAt
0010524c 0000000c T vramAlloc
00105258 0000000c T vramAllocAt
00105264 00000094 T vramFree
001052f8 000001c8 T consoleDrawChar
001054c0 00000170 T consolePrintChar
00105630 00000c40 T con_write
00106270 00000110 t newRow
00106380 00000180 T consoleInit
00106500 000000cc t gfxPresentFramebuffer
001065cc 0000001c T gfxIsWide
001065e8 000000f8 T gfxSetScreenFormat
001066e0 00000010 T gfxSetDoubleBuffering
001066f0 000000d8 T gfxInit
001067c8 00000010 T gfxInitDefault
001067d8 000000b8 T gfxExit
00106890 000000a0 T gfxGetFramebuffer
00106930 00000100 T gfxFlushBuffers
00106a30 00000028 T gfxScreenSwapBuffers
00106a58 00000050 T gfxSwapBuffersGpu
00106aa8 00000074 T osConvertVirtToPhys
00106b1c 00000034 T __ctru_speedup_config
00106b50 0000013c T GPUCMD_Add
00106c8c 000000b0 T GPUCMD_Split
00106d3c 00000034 T f32tof16
00106d70 00000034 T f32tof24
00106da4 00000038 T f32tof31
00106ddc 00000010 T GX_BindQueue
00106dec 0000007c T GX_ProcessCommandList
00106e68 00000074 T GX_MemoryFill
00106edc 00000074 T GX_DisplayTransfer
00106f50 00000064 t gxCmdQueueDoCommands.part.0
00106fb4 000000e4 T gxCmdQueueInterrupt
00107098 00000068 T gxCmdQueueClear
00107100 00000108 T gxCmdQueueAdd
00107208 00000080 T gxCmdQueueRun
00107288 00000064 T gxCmdQueueStop
001072ec 0000008c T gxCmdQueueWait
00107378 000001e0 T shaderInstanceInit
00107558 00000018 T shaderInstanceGetUniformLocation
00107570 0000001c T shaderProgramInit
0010758c 00000074 T shaderProgramFree
00107600 00000094 T shaderProgramSetVsh
00107694 000008d0 T shaderProgramConfigure
00107f64 000001dc t DVLE_GenerateOutmap.part.0
00108140 000001ac T DVLB_ParseFile
001082ec 00000050 T DVLB_Free
0010833c 00000074 T DVLE_GetUniformRegister
001083b0 00000158 t ndspUpdateMaster
00108508 00000108 t ndspFinalize
00108610 00000254 t ndspInitialize.part.0
00108864 00000108 t ndspHookCallback
00108970 00000318 t ndspThreadMain
00108c88 000003f0 T ndspInit
00109078 000000d8 T ndspExit
00109150 000000e0 T ndspChnReset
00109230 00000018 T ndspChnSetFormat
00109248 00000050 T ndspChnSetInterp
00109298 00000060 T ndspChnSetRate
001092f8 00000080 T ndspChnSetMix
00109378 000000b0 T ndspChnWaveBufClear
00109428 000000c8 T ndspChnWaveBufAdd
001094f0 00000040 T ndspiInitChn
00109530 0000002c T ndspiDirtyChn
0010955c 0000043c T ndspiUpdateChn
00109998 00000180 T ndspiReadChnState
00109b18 00000180 t aptConvertScreenForCapture
00109c98 00000138 T aptSendCommand
00109dd0 00000044 t aptExitProcess
00109e14 00000394 T aptExit
0010a1a8 000000d8 T aptHandleSleep
0010a280 00000034 T aptHook
0010a2b4 00000030 T aptUnhook
0010a2e4 00000084 T APT_SleepIfShellClosed
0010a368 00000078 T aptSetSleepAllowed
0010a3e0 00000084 T APT_UnlockTransition
0010a468 00000470 t aptEventHandler
0010a8d8 000000bc T APT_ReceiveParameter
0010a994 000000b0 t aptReceiveParameter.constprop.0
0010aa48 00000294 t aptScreenTransfer
0010acdc 000002d0 t aptWaitForWakeUp.isra.0
0010afac 000000f4 T aptJumpToHomeMenu
0010b0a0 00000058 T aptMainLoop
0010b0f8 00000240 T aptInit
0010b338 00000090 T APT_CheckNew3DS
0010b3c8 000000a8 T cfguInit
0010b470 0000003c T cfguExit
0010b4ac 0000004c T CFGU_GetConfigInfoBlk2
0010b4f8 000000a4 t DSP_LoadComponent.part.0
0010b59c 000000fc T dspInit
0010b698 0000008c T dspExit
0010b724 00000024 T dspHook
0010b748 00000030 T dspUnhook
0010b778 000000b4 T aptDspSleep
0010b82c 000000b4 T aptDspWakeup
0010b8e0 00000044 T aptDspCancel
0010b924 00000050 T DSP_FlushDataCache
0010b974 00000034 T DSP_SetSemaphore
0010b9a8 00000034 T DSP_SetSemaphoreMask
0010b9dc 00000038 T DSP_GetSemaphoreHandle
0010ba14 0000003c T DSP_LoadComponent
0010ba50 00000044 T DSP_RegisterInterruptEvents
0010ba94 00000078 T DSP_ReadPipeIfPossible
0010bb0c 0000004c T DSP_WriteProcessPipe
0010bb58 00000044 T DSP_ConvertProcessAddressFromDspDram
0010bb9c 00000044 T DSP_RecvData
0010bbe0 00000050 T DSP_RecvDataIsReady
0010bc30 00000104 T fsInit
0010bd34 0000003c T fsExit
0010bd70 00000068 T fsExemptFromSession
0010bdd8 00000050 T fsUnexemptFromSession
0010be28 000000cc T FSUSER_OpenFile
0010bef4 000000cc T FSUSER_OpenFileDirectly
0010bfc0 000000b8 T FSUSER_DeleteFile
0010c078 000000f4 T FSUSER_RenameFile
0010c16c 000000b8 T FSUSER_DeleteDirectory
0010c224 000000d0 T FSUSER_CreateFile
0010c2f4 000000c0 T FSUSER_CreateDirectory
0010c3b4 000000f4 T FSUSER_RenameDirectory
0010c4a8 000000b4 T FSUSER_OpenDirectory
0010c55c 00000090 T FSUSER_OpenArchive
0010c5ec 0000008c T FSUSER_CloseArchive
0010c678 00000074 T FSUSER_GetSdmcArchiveResource
0010c6ec 00000064 T FSUSER_IsSdmcWritable
0010c750 00000064 T FSFILE_Read
0010c7b4 0000006c T FSFILE_Write
0010c820 00000044 T FSFILE_GetSize
0010c864 00000028 T FSFILE_SetSize
0010c88c 0000003c T FSFILE_Close
0010c8c8 00000024 T FSFILE_Flush
0010c8ec 00000060 T FSDIR_Read
0010c94c 0000003c T FSDIR_Close
0010c988 00000c70 t gspHardwareInit
0010d5f8 00000280 T gspInit
0010d878 00000110 T gspExit
0010d988 00000010 T gspHasGpuRight
0010d998 000000a4 T gspPresentBuffer
0010da3c 00000030 T gspSetEventCallback
0010da6c 00000050 T gspWaitForEvent
0010dabc 0000004c T gspWaitForAnyEvent
0010db08 00000154 t gspEventThreadMain
0010dc5c 0000012c T gspSubmitGxCommand
0010dd88 00000050 T GSPGPU_FlushDataCache
0010ddd8 00000034 T GSPGPU_SetLcdForceBlack
0010de0c 00000080 T GSPGPU_AcquireRight
0010de8c 0000005c T GSPGPU_ReleaseRight
0010dee8 0000007c T GSPGPU_ImportDisplayCaptureInfo
0010df64 0000002c T GSPGPU_SaveVramSysArea
0010df90 0000002c T GSPGPU_RestoreVramSysArea
0010dfbc 00000024 W hidShouldUseIrrst
0010dfe0 000001cc T hidInit
0010e1ac 000000e8 T hidExit
0010e294 000002a0 T hidScanInput
0010e534 00000010 T hidKeysHeld
0010e544 00000010 T hidKeysDown
0010e554 00000018 T hidTouchRead
0010e56c 000001a4 T irrstInit
0010e710 000000dc T irrstExit
0010e7ec 000000b4 T irrstScanInput
0010e8a0 00000024 T irrstKeysHeld
0010e8c4 00000078 T ptmSysmInit
0010e93c 0000003c T ptmSysmExit
0010e978 00000034 T PTMSYSM_ConfigureNew3DSCPU
0010e9ac 00000074 T rbtree_find
0010ea20 00000010 T rbtree_init
0010ea30 00000198 t do_insert
0010ebc8 00000008 T rbtree_insert
0010ebd0 00000310 T rbtree_remove
0010eee0 00000090 T rbtree_rotate
0010ef70 000001e8 W __system_allocateHeaps
0010f158 00000038 W __libctru_init
0010f190 0000016c W __system_initArgv
0010f2fc 00000030 T __syscall_getreent
0010f32c 00000004 T __syscall_lock_acquire
0010f330 00000004 T __syscall_lock_release
0010f334 00000004 T __syscall_lock_acquire_recursive
0010f338 00000004 T __syscall_lock_release_recursive
0010f33c 00000004 T __syscall_exit
0010f340 00000054 T initThreadVars
0010f394 00000080 T __system_initSyscalls
0010f414 T svcControlMemory
0010f434 T svcQueryMemory
0010f464 T svcExitProcess
0010f46c T svcCreateThread
0010f48c T svcExitThread
0010f494 T svcSleepThread
0010f49c T svcReleaseMutex
0010f4a4 T svcCreateEvent
0010f4b8 T svcSignalEvent
0010f4c0 T svcClearEvent
0010f4c8 T svcMapMemoryBlock
0010f4d0 T svcUnmapMemoryBlock
0010f4d8 T svcCreateAddressArbiter
0010f4ec T svcArbitrateAddressNoTimeout
0010f4f4 T svcCloseHandle
0010f4fc T svcWaitSynchronization
0010f504 T svcWaitSynchronizationN
0010f52c T svcDuplicateHandle
0010f540 T svcGetSystemTick
0010f548 T svcConnectToPort
0010f55c T svcSendSyncRequest
0010f564 T svcGetResourceLimit
0010f578 T svcGetResourceLimitLimitValues
0010f580 T svcGetResourceLimitCurrentValues
0010f588 T svcBreak
0010f590 W initSystem
0010f5e0 W __ctru_exit
0010f5f4 0000008c W envGetHandle
0010f680 00000050 W envDestroyHandles
0010f6d0 00000164 T srvInit
0010f834 00000064 T srvExit
0010f898 00000060 T srvEnableNotification
0010f8f8 000000a0 T srvGetServiceHandleDirect
0010f998 00000048 T srvGetServiceHandle
0010f9e0 00000034 T srvSubscribe
0010fa14 00000060 T srvReceiveNotification
0010fa74 00000038 T srvPublishToSubscriber
0010faac 0000000c T __sync_init
0010fab8 00000018 T __sync_fini
0010fad0 00000028 T syncArbitrateAddress
0010faf8 0000001c T LightLock_Init
0010fb14 000000ac T LightLock_Lock
0010fbc0 00000040 T LightLock_Unlock
0010fc00 00000054 T RecursiveLock_Lock
0010fc54 00000054 T RecursiveLock_Unlock
0010fca8 00000044 T LightEvent_Init
0010fcec 000000b8 T LightEvent_Clear
0010fda4 000000dc T LightEvent_Signal
0010fe80 00000050 T LightEvent_TryWait
0010fed0 000000ac T LightEvent_Wait
0010ff7c 000001fc T threadCreate
00110178 00000038 T threadFree
001101b0 00000024 T threadJoin
001101d4 00000030 T threadGetCurrent
00110204 00000040 T threadExit
00110244 00000020 t _thread_begin
00110264 00000090 t mappableFindAddressWithin
001102f4 00000028 T mappableInit
0011031c 0000007c T mappableAlloc
00110398 00000004 T mappableFree
0011039c 0000000c T srvPmGetSessionHandle
001103a8 00000060 T rbtree_node_next
00110408 00000030 W __appExit
00110438 00000030 W __appInit
00110468 00000090 W __libctru_exit
001104f8 00000014 t archive_link
0011050c 00000014 t archive_dirreset
00110520 00000014 t archive_chmod
00110534 00000024 t error_cmp
00110558 00000050 t archive_translate_error
001105a8 000000c0 t archive_seek
00110668 00000078 t _archiveInit.part.0
001106e0 000000d4 t archiveFindDevice.part.0
001107b4 00000298 t archive_utf16path
00110a4c 00000098 t _archiveUnmountDeviceStruct.part.0
00110ae4 00000014 t archive_statvfs
00110af8 00000014 t archive_fchmod
00110b0c 00000178 t _archiveMountDevice
00110c84 000000f8 t archive_diropen
00110d7c 000000ac t archive_fstat
00110e28 00000074 t archive_fsync
00110e9c 00000074 t archive_close
00110f10 00000078 t archive_dirclose
00110f88 000000ec t sdmc_statvfs
00111074 000000f8 t archive_chdir
0011116c 0000008c t archive_ftruncate
001111f8 000000bc t archive_read
001112b4 000000a8 t archive_unlink
0011135c 000000c0 t archive_rmdir
0011141c 000000d8 t archive_mkdir
001114f4 000001a0 t archive_stat
00111694 00000164 t archive_dirnext
001117f8 0000013c t archive_write
00111938 00000254 t archive_open
00111b8c 00000270 t archive_rename
00111dfc 000001c8 T archiveMountSdmc
00111fc4 00000054 T archiveUnmountAll
00112018 00000140 T decode_utf8
00112158 000000e8 T utf16_to_utf8
00112240 000000c0 T utf8_to_utf16
00112300 T __aeabi_read_tp
0011230c 00000054 T decode_utf16
00112360 00000054 T encode_utf16
001123b4 000000e0 T encode_utf8
00112494 00000130 T __udivmoddi4
001125c4 000000d8 T strncmp
0011269c 00000144 T _fclose_r
001127e0 00000020 T fclose
00112800 0000008c T strlen
0011288c 0000001c t stdio_exit_handler
001128a8 0000005c t cleanup_stdio
00112904 00000154 t global_stdio_init.part.0
00112a58 00000138 T __sfp
00112b90 0000005c T __sinit
00112bec 0000000c T __sfp_lock_acquire
00112bf8 0000000c T __sfp_lock_release
00112c04 000001ec t _strtoul_l.isra.0
00112df0 0000003c T strtoul
00112e2c 00000084 T __libc_init_array
00112eb0 0000009c T strncat
00112f4c 00000070 T _fwalk_sglue
00112fbc 00000078 T bsearch
00113034 0000000c T __errno
00113040 00000028 T calloc
00113068 000000e0 T _puts_r
00113148 00000020 T puts
00113168 000000d8 T _calloc_r
00113240 0000001c T _fseek_r
0011325c 00000034 T fseek
00113290 00000028 T memalign
001132b8 0000082c T _malloc_r
00113ae4 00000114 T _malloc_trim_r
00113bf8 00000314 T _free_r
00113f0c 00000034 T printf
00113f40 0000003c T strnlen
00113f7c 00000040 T malloc
00113fbc 00000020 T free
00113fdc 0000022c T __sflush_r
00114208 000000c4 T _fflush_r
001142cc 000000e4 T memset
001143b0 00000334 T _fread_r
001146e4 00000038 T fread
0011471c 0000000c T __malloc_lock
00114728 0000000c T __malloc_unlock
00114734 00000004 W __call_exitprocs
00114738 00000030 T exit
00114768 00000294 T setvbuf
001149fc 00000134 T _fopen_r
00114b30 00000028 T fopen
00114b58 000000d4 T strncpy
00114c2c 0000012c T memcpy
00114d58 000004a4 T __sfvwrite_r
001151fc 00000044 T __sread
00115240 00000068 T __swrite
001152a8 00000040 T __sseek
001152e8 00000008 T __sclose
001152f0 0000016c T memmove
0011545c 0000016c T _memalign_r
001155c8 00000588 T _fseeko_r
00115b50 000005e0 t get_arg
00116130 00003554 T _vfprintf_r
00119684 000000b4 t __sbprintf
00119738 000000e8 T memchr
00119820 000001c0 t quorem
001199e0 000013f0 T _dtoa_r
0011add0 000000a0 T _wcrtomb_r
0011ae70 000000b8 T __sflags
0011af28 0000003c T __libc_fini_array
0011af64 00000038 t lflush
0011af9c 000001a8 T __srefill_r
0011b144 00000164 T __smakebuf_r
0011b2a8 00000090 T __swhatbuf_r
0011b338 000004f0 T _realloc_r
0011b828 00000028 T _wcsrtombs_r
0011b850 00000140 T __swsetup_r
0011b990 00000088 T frexp
0011ba18 0000005c T __assert_func
0011ba74 00000088 T _Balloc
0011bafc 0000001c T _Bfree
0011bb18 000000f4 T __multadd
0011bc0c 00000080 T __hi0bits
0011bc8c 000000f0 T __lo0bits
0011bd7c 000000a4 T __i2b
0011be20 00000230 T __multiply
0011c050 00000130 T __pow5mult
0011c180 00000138 T __lshift
0011c2b8 00000058 T __mcmp
0011c310 00000218 T __mdiff
0011c528 00000120 T __d2b
0011c648 00000024 T __locale_mb_cur_max
0011c66c 0000003c T fiprintf
0011c6a8 0000015c T _wcsnrtombs_l
0011c804 00000064 T _wcsnrtombs_r
0011c868 00000340 T __utf8_mbtowc
0011cba8 00000030 T __sprint_r
0011cbd8 00000014 T abort
0011cbec 00000024 T _localeconv_r
0011cc10 000000f8 T __utf8_wctomb
0011cd08 00000140 T strchr
0011ce48 0000009c T _raise_r
0011cee4 00000020 T raise
0011cf04 000005e0 t get_arg
0011d4e4 000022f8 T _vfiprintf_r
0011f7dc 000000b4 t __sbprintf
0011f890 00000020 T _exit
0011f8b0 00000140 T chdir
0011f9f0 000001c8 T _concatenate_path
0011fbb8 0000009c T _fstat_r
0011fc54 00000014 T _getpid_r
0011fc68 0000002c T __getreent
0011fc94 000000a0 T __release_handle
0011fd34 000000b0 T __alloc_handle
0011fde4 00000058 T __get_handle
0011fe3c 00000110 T _close_r
0011ff4c 00000008 t null_write
0011ff54 00000018 T setDefaultDevice
0011ff6c 000000c4 T FindDevice
00120030 00000028 T RemoveDevice
00120058 00000098 T AddDevice
001200f0 00000020 T GetDeviceOpTab
00120110 00000008 T _isatty_r
00120118 00000014 T _kill_r
0012012c 00000094 T _lseek_r
001201c0 000000c0 T _open_r
00120280 00000094 T _read_r
00120314 00000078 W _sbrk_r
0012038c 0000001c T __libc_lock_acquire
001203a8 0000001c T __libc_lock_release
001203c4 0000001c T __libc_lock_acquire_recursive
001203e0 0000001c T __libc_lock_release_recursive
001203fc 00000094 T _write_r
00120490 00000048 T strrchr
001204d8 T _fini
0012142c r .LC2
00121550 R render2d_shbin
001216dc R render2d_shbin_end
001216dc R render2d_shbin_size
001216e0 00000004 r depthFmtSizes
001216e4 00000005 r colorFmtSizes
001216ec 00000010 r CSWTCH.11
00121868 00000080 r dotab_stdout
001218e8 00000018 r grayScale
00121900 00000006 r colorCube
00121908 00000030 r colorTable
00121944 00000011 r dsp_filename.0
00121974 00000008 r morton_y.2
0012197c 00000008 r morton_x.3
00121984 00000008 r s_sleepWakeEvents.4
0012198c 0000000c r serviceNameTable.5
00121998 R default_font_bin
00122198 R default_font_bin_end
00122198 00000030 r error_table
001221c8 00000080 r archive_devoptab
00122248 00000101 R _ctype_
00122470 00000010 r zeroes.0
00122480 00000010 r blanks.1
00122498 0000006c R __action_table
00122504 0000006c R __state_table
00122570 00000100 R __chclass
00122670 0000000c r p05.0
00122680 00000028 R __mprec_bigtens
001226a8 000000c8 R __mprec_tens
0012285c 00000010 r zeroes.0
0012286c 00000010 r blanks.1
0012287c 00000080 R dotab_stdnull
001228fc R __tdata_align
00122900 r __EH_FRAME_BEGIN__
00122900 R __exidx_end
00122900 R __exidx_start
00123000 00000008 d framerateCounter
00123008 00000004 d framerate
0012300c 00000001 d firstConsoleInit.0
00123010 00000004 D currentConsole
00123014 00000048 D defaultConsole
0012305c 00000004 d queueLock
00123060 00000004 d aptChainloadDeliverArgSize
00123064 00000004 d kCount
00123068 00000004 d kInterval
0012306c 00000004 d kDelay
00123070 W __stacksize__
00123074 0000000c D __sglue
00123080 00000004 D __malloc_sbrk_base
00123084 00000004 D __malloc_trim_threshold
00123088 00000408 D __malloc_av_
00123490 00000004 D _impure_ptr
00123498 00000140 D _impure_data
001235d8 0000016c D __global_locale
00123744 00000400 d _current_working_directory
00123b48 00001000 d handles
00124b48 0000000c d __stderr_handle
00124b54 0000000c d __stdout_handle
00124b60 0000000c d __stdin_handle
00124b6c 0000008c D devoptab_list
00124bf8 00000004 d defaultDevice
00124c04 d _GLOBAL_OFFSET_TABLE_
00124c10 d __frame_dummy_init_array_entry
00124c10 D __init_array_start
00124c10 B __preinit_array_end
00124c10 B __preinit_array_start
00124c10 D __tdata_lma
00124c10 D __tdata_lma_end
00124c14 d __do_global_dtors_aux_fini_array_entry
00124c14 D __fini_array_start
00124c14 D __init_array_end
00124c18 D __bss_start__
00124c18 D __fini_array_end
00124c18 00000120 B pads
00124d38 b completed.1
00124d3c b object.0
00124d58 000005a8 B __C2Di_Context
00125300 00000040 b s_projBot
00125340 00000040 b s_projTop
00125380 00000004 b uLoc_mdlvMtx
00125384 00000004 b uLoc_projMtx
00125388 0000000c b hookCookie
00125398 000002d0 B __C3D_Context
00125668 00000004 b frameEndCbData
0012566c 00000004 b frameEndCb
00125670 00000008 b frameCounter
00125678 00000001 b isTopStereo
00125679 00000001 b needSwapBot
0012567a 00000001 b needSwapTop
0012567b 00000001 b measureGpuTime
0012567c 00000001 b inSafeTransfer
0012567d 00000001 b inFrame
00125680 00000010 b cpuTime
00125690 00000010 b gpuTime
001256a0 0000000c b linkedTarget
001256ac 00000004 b lastTarget
001256b0 00000004 b firstTarget
001256b4 00000008 b C3Di_IVUnifEverDirty
001256bc 000000c0 b C3Di_FVUnifEverDirty
0012577c 00000018 b C3Di_ShaderFVecData
00125794 00000002 B C3D_BoolUnifsDirty
00125798 00000008 B C3D_IVUnifDirty
001257a0 000000c0 B C3D_FVUnifDirty
00125860 00000004 B C3D_BoolUnifs
00125864 00000020 B C3D_IVUnif
00125884 00000c00 B C3D_FVUnif
00126488 00000008 b sLinearPool
00126490 0000000c b sAddrMap
001264a0 00000008 b sVramPoolB
001264a8 00000008 b sVramPoolA
001264b0 0000000c b sAddrMap
001264bc 00000064 b escapeSeq
00126520 00000048 B currentCopy
00126568 00000004 b screenAlloc
0012656c 00000004 b screenFree
00126570 00000002 b gfxIsDoubleBuf
00126574 00000002 b gfxCurBuf
00126576 00000001 b gfxIsVram
00126577 00000001 b gfxTopMode
00126578 00000002 b gfxFramebufferFormats
0012657c 00000004 b gfxBottomFramebufferMaxSize
00126580 00000004 b gfxTopFramebufferMaxSize
00126588 00000008 b gfxBottomFramebuffers
00126590 00000008 b gfxTopFramebuffers
00126598 00000001 V __ctru_speedup
0012659c 00000004 B gpuCmdBufOffset
001265a0 00000004 B gpuCmdBufSize
001265a4 00000004 B gpuCmdBuf
001265a8 00000004 b boundQueue
001265ac 00000001 b shouldStop
001265ad 00000001 b isRunning
001265ae 00000001 b isActive
001265b0 00000004 b curQueue
001265b4 00000004 b ndspRefCount
001265b8 00000048 b ndspMaster
00126600 00000004 b ndspThread
00126604 00000001 b ndspThreadRun
00126608 00001080 b dspVar5Backup
00127688 00000004 b ndspMutex
0012768c 00000008 b sleepEvent
00127694 00000004 b dspSem
00127698 00000004 b irqEvent
0012769c 00000008 b ndspHookCookie
001276a4 00000001 b componentFree
001276a6 00000002 b componentDataMask
001276a8 00000002 b componentProgMask
001276ac 00000004 b componentSize
001276b0 00000004 b componentBin
001276b4 00000004 b frameCount
001276b8 00000004 b droppedFrames
001276bc 00000001 b bCancelReceived
001276bd 00000001 b bSleeping
001276be 00000001 b bEnteringSleep
001276bf 00000001 b bDspReady
001276c0 00000080 B ndspVars
00127740 00000002 B ndspBufferId
00127742 00000002 B ndspBufferCurId
00127744 00000002 B ndspFrameId
00127748 00000c60 b ndspChn
001283a8 00000001 b flagValue.0
001283a9 00000001 b flagInit.1
001283ac 00000004 b serviceName.6
001283b0 00000001 b aptChainloadFlags
001283b1 00000001 b aptChainloadMediatype
001283b4 00000020 b aptChainloadHmac
001283d4 00000300 b aptChainloadDeliverArg
001286d8 00000008 b aptChainloadTid
001286e0 00001000 b aptParameters
001296e0 00000004 b aptFlags
001296e4 00000001 b aptHomeButtonState
001296e8 00000004 b aptMessageFuncData
001296ec 00000004 b aptMessageFunc
001296f0 0000000c b aptFirstHook
001296fc 00000001 b aptEventHandlerThreadQuit
00129700 00000004 b aptEventHandlerThread
00129704 00000008 b aptSleepEvent
0012970c 00000008 b aptReceiveEvent
00129714 00000008 b aptEvents
0012971c 00000004 b aptLockHandle
00129720 00000004 b aptRefCount
00129724 00000004 b cfguRefCount
00129728 00000004 b cfguHandle
0012972c 00000002 b dspSavedCompDataMask
0012972e 00000002 b dspSavedCompProgMask
00129730 00000004 b dspSavedCompSize
00129734 00000004 b dspSavedCompBin
00129738 00000001 b dspSleeping
00129739 00000001 b dspComponentLoaded
0012973c 00000008 b dspFirstHook
00129744 00000004 b dspRefCount
00129748 00000004 b dspHandle
00129750 00000080 b fsExemptArchives
001297d0 00000004 b fsuRefCount
001297d4 00000004 b fsuHandle
001297d8 00000007 b gspEventCbOneShot
001297e0 0000001c b gspEventCbData
001297fc 0000001c b gspEventCb
00129818 00000038 b gspEvents
00129850 00000004 b gspLastEvent
00129854 00000001 b gspRunEvents
00129858 00000004 b gspEventThread
0012985c 00000004 b gspEvent
00129860 00000001 b gspGpuRight
00129861 00000001 b gspThreadId
00129864 00000004 b gspSharedMem
00129868 00000004 b gspSharedMemHandle
0012986c 00000004 b gspRefCount
00129870 00000004 b gspGpuHandle
00129874 00000001 b usingIrrst
00129878 00000004 b hidRefCount
0012987c 00000006 b gRate
00129884 00000006 b aVec
0012988c 00000004 b cPos
00129890 00000004 b tPos
00129894 00000004 b kRepeat
00129898 00000004 b kUp
0012989c 00000004 b kDown
001298a0 00000004 b kHeld
001298a4 00000004 b kOld
001298a8 00000004 B hidSharedMem
001298ac 00000014 B hidEvents
001298c0 00000004 B hidMemHandle
001298c4 00000004 B hidHandle
001298c8 00000004 b irrstRefCount
001298cc 00000004 b csPos
001298d0 00000004 b kHeld
001298d4 00000004 B irrstSharedMem
001298d8 00000004 B irrstEvent
001298dc 00000004 B irrstMemHandle
001298e0 00000004 B irrstHandle
001298e4 00000004 b ptmSysmRefCount
001298e8 00000004 b ptmSysmHandle
001298ec 00000004 V __ctru_linear_heap_size
001298f0 00000004 V __ctru_heap_size
001298f4 00000004 B __ctru_linear_heap
001298f8 00000004 B __ctru_heap
001298fc 00000004 B __system_retAddr
00129900 00000004 B __system_argv
00129904 00000004 B __system_argc
00129908 b saved_stack
00129910 00000004 B __3dslink_host
00129914 00000004 b srvRefCount
00129918 00000004 b srvHandle
0012991c 00000004 b arbiter
00129920 00000004 b currentAddr
00129924 00000004 b maxAddr
00129928 00000004 b minAddr
0012992c 00000004 b srvPmHandle
00129930 000005c0 b archive_devices
00129ef0 00000004 b archive_device_cwd
00129ef4 00000001 b archive_initialized
00129ef8 0000000c b __sfp_recursive_mutex
00129f08 00000168 B __sf
0012a070 00000004 B __stdio_exit_handler
0012a074 00000028 B __malloc_current_mallinfo
0012a09c 00000004 B __malloc_max_total_mem
0012a0a0 00000004 B __malloc_max_sbrked_mem
0012a0a4 00000004 B __malloc_top_pad
0012a0a8 0000000c b __malloc_recursive_mutex
0012a0b4 00000400 b temp_cwd
0012a4b4 00000004 b __hndl_lock
0012a4b8 00000004 B fake_heap_start
0012a4bc 00000004 B fake_heap_end
0012a4c0 00000004 b heap_start.0
0012a4c4 B __tls_start
0012b0cc B __bss_end__
0012b0cc A __end__
0012b0cc B __tls_end
